<?xml version="1.0" encoding="UTF-8"?>
<testng-results skipped="0" failed="0" total="2" passed="2">
  <reporter-output>
  </reporter-output>
  <suite name="Default suite" duration-ms="58754" started-at="2022-12-29T09:33:26Z" finished-at="2022-12-29T09:34:25Z">
    <groups>
      <group name="cucumber">
        <method signature="AbstractTestNGCucumberTests.feature(cucumber.api.testng.CucumberFeatureWrapper)[pri:0, instance:runners.PositiveTest@13acb0d1]" name="feature" class="cucumber.api.testng.AbstractTestNGCucumberTests"/>
      </group> <!-- cucumber -->
    </groups>
    <test name="Default test" duration-ms="58754" started-at="2022-12-29T09:33:26Z" finished-at="2022-12-29T09:34:25Z">
      <class name="runners.PositiveTest">
        <test-method status="PASS" signature="setUpClass()[pri:0, instance:runners.PositiveTest@13acb0d1]" name="setUpClass" is-config="true" duration-ms="241" started-at="2022-12-29T15:03:26Z" finished-at="2022-12-29T15:03:27Z">
          <reporter-output>
          </reporter-output>
        </test-method> <!-- setUpClass -->
        <test-method status="PASS" signature="setup()[pri:0, instance:runners.PositiveTest@13acb0d1]" name="setup" is-config="true" duration-ms="274" started-at="2022-12-29T15:03:27Z" finished-at="2022-12-29T15:03:27Z">
          <reporter-output>
          </reporter-output>
        </test-method> <!-- setup -->
        <test-method status="PASS" signature="feature(cucumber.api.testng.CucumberFeatureWrapper)[pri:0, instance:runners.PositiveTest@13acb0d1]" name="feature" duration-ms="31372" started-at="2022-12-29T15:03:27Z" description="Runs Cucumber Feature" data-provider="features" finished-at="2022-12-29T15:03:58Z">
          <params>
            <param index="0">
              <value>
                <![CDATA[Search Car Function]]>
              </value>
            </param>
          </params>
          <reporter-output>
          </reporter-output>
        </test-method> <!-- feature -->
        <test-method status="PASS" signature="feature(cucumber.api.testng.CucumberFeatureWrapper)[pri:0, instance:runners.PositiveTest@13acb0d1]" name="feature" duration-ms="26541" started-at="2022-12-29T15:03:58Z" description="Runs Cucumber Feature" data-provider="features" finished-at="2022-12-29T15:04:25Z">
          <params>
            <param index="0">
              <value>
                <![CDATA[Acceptance testing to validate Search Cars Page is working.]]>
              </value>
            </param>
          </params>
          <reporter-output>
          </reporter-output>
        </test-method> <!-- feature -->
        <test-method status="PASS" signature="tearDownClass()[pri:0, instance:runners.PositiveTest@13acb0d1]" name="tearDownClass" is-config="true" duration-ms="231" started-at="2022-12-29T15:04:25Z" finished-at="2022-12-29T15:04:25Z">
          <reporter-output>
          </reporter-output>
        </test-method> <!-- tearDownClass -->
      </class> <!-- runners.PositiveTest -->
    </test> <!-- Default test -->
  </suite> <!-- Default suite -->
</testng-results>
